{
  "0 debug pnpm:scope": {
    "selected": 1
  },
  "1 error pnpm": {
    "message": {
      "errno": 1,
      "code": "ELIFECYCLE",
      "pkgid": "@",
      "stage": "postbuild",
      "script": "npm run generateNetlifyHeaders"
    },
    "err": {
      "name": "Error",
      "message": "@ postbuild: `npm run generateNetlifyHeaders`\nExit status 1",
      "code": "ELIFECYCLE",
      "stack": "Error: @ postbuild: `npm run generateNetlifyHeaders`\nExit status 1\n    at EventEmitter.<anonymous> (/home/s0kil/.nvm/versions/node/v14.2.0/pnpm-global/3/node_modules/.pnpm/registry.npmjs.org/pnpm/4.14.2/node_modules/pnpm/lib/node_modules/@zkochan/npm-lifecycle/index.js:302:16)\n    at EventEmitter.emit (events.js:315:20)\n    at ChildProcess.<anonymous> (/home/s0kil/.nvm/versions/node/v14.2.0/pnpm-global/3/node_modules/.pnpm/registry.npmjs.org/pnpm/4.14.2/node_modules/pnpm/lib/node_modules/@zkochan/npm-lifecycle/lib/spawn.js:55:14)\n    at ChildProcess.emit (events.js:315:20)\n    at maybeClose (internal/child_process.js:1051:16)\n    at Process.ChildProcess._handle.onexit (internal/child_process.js:287:5)"
    }
  }
}